<?xml version="1.0" encoding="UTF-8"?>
<robot generator="Robot 7.4.2 (Python 3.14.4 on win32)" generated="2026-05-11T16:03:49.667963" rpa="false" schemaversion="5">
<suite id="s1" name="Tests" source="C:\Wipro Training\Robo\RobotProject\tests">
<suite id="s1-s1" name="Login" source="C:\Wipro Training\Robo\RobotProject\tests\login.robot">
<test id="s1-s1-t1" name="Verify User Can Login Successfully" line="5">
<kw name="Open Demoblaze Application" owner="login_keywords">
<kw name="Launch Demoblaze Application">
<msg time="2026-05-11T16:03:49.934149" level="FAIL">No keyword with name 'Launch Demoblaze Application' found.</msg>
<status status="FAIL" start="2026-05-11T16:03:49.934071" elapsed="0.000188">No keyword with name 'Launch Demoblaze Application' found.</status>
</kw>
<status status="FAIL" start="2026-05-11T16:03:49.929595" elapsed="0.004881">No keyword with name 'Launch Demoblaze Application' found.</status>
</kw>
<kw name="Click Login Menu" owner="login_keywords">
<status status="NOT RUN" start="2026-05-11T16:03:49.934913" elapsed="0.000048"/>
</kw>
<kw name="Enter Login Username" owner="login_keywords">
<status status="NOT RUN" start="2026-05-11T16:03:49.935295" elapsed="0.000050"/>
</kw>
<kw name="Enter Login Password" owner="login_keywords">
<status status="NOT RUN" start="2026-05-11T16:03:49.938271" elapsed="0.000063"/>
</kw>
<kw name="Click Login Button" owner="login_keywords">
<status status="NOT RUN" start="2026-05-11T16:03:49.938686" elapsed="0.000050"/>
</kw>
<kw name="Validate Successful Login" owner="login_keywords">
<status status="NOT RUN" start="2026-05-11T16:03:49.939056" elapsed="0.000052"/>
</kw>
<kw name="Close Application" owner="login_keywords">
<status status="NOT RUN" start="2026-05-11T16:03:49.939431" elapsed="0.000044"/>
</kw>
<status status="FAIL" start="2026-05-11T16:03:49.928446" elapsed="0.011473">No keyword with name 'Launch Demoblaze Application' found.</status>
</test>
<test id="s1-s1-t2" name="Verify Invalid User Login" line="14">
<kw name="Open Demoblaze Application" owner="login_keywords">
<kw name="Launch Demoblaze Application">
<msg time="2026-05-11T16:03:49.944515" level="FAIL">No keyword with name 'Launch Demoblaze Application' found.</msg>
<status status="FAIL" start="2026-05-11T16:03:49.944458" elapsed="0.000113">No keyword with name 'Launch Demoblaze Application' found.</status>
</kw>
<status status="FAIL" start="2026-05-11T16:03:49.942052" elapsed="0.002652">No keyword with name 'Launch Demoblaze Application' found.</status>
</kw>
<kw name="Click Login Menu" owner="login_keywords">
<status status="NOT RUN" start="2026-05-11T16:03:49.945024" elapsed="0.000036"/>
</kw>
<kw name="Enter Invalid Login Username" owner="login_keywords">
<status status="NOT RUN" start="2026-05-11T16:03:49.945334" elapsed="0.000036"/>
</kw>
<kw name="Enter Invalid Login Password" owner="login_keywords">
<status status="NOT RUN" start="2026-05-11T16:03:49.945636" elapsed="0.000034"/>
</kw>
<kw name="Click Login Button" owner="login_keywords">
<status status="NOT RUN" start="2026-05-11T16:03:49.945916" elapsed="0.000035"/>
</kw>
<kw name=" Validate Invalid Login Alert" owner="login_keywords">
<status status="NOT RUN" start="2026-05-11T16:03:49.946170" elapsed="0.000032"/>
</kw>
<kw name="Close Application" owner="login_keywords">
<status status="NOT RUN" start="2026-05-11T16:03:49.946459" elapsed="0.000032"/>
</kw>
<status status="FAIL" start="2026-05-11T16:03:49.941380" elapsed="0.005360">No keyword with name 'Launch Demoblaze Application' found.</status>
</test>
<status status="FAIL" start="2026-05-11T16:03:49.713545" elapsed="0.234626"/>
</suite>
<suite id="s1-s2" name="Signup" source="C:\Wipro Training\Robo\RobotProject\tests\signup.robot">
<test id="s1-s2-t1" name="Verify User Can Signup Successfully" line="5">
<kw name="Open Demoblaze Application" owner="signup_keywords">
<kw name="Launch Demoblaze Application">
<msg time="2026-05-11T16:03:49.969762" level="FAIL">No keyword with name 'Launch Demoblaze Application' found.</msg>
<status status="FAIL" start="2026-05-11T16:03:49.969713" elapsed="0.000100">No keyword with name 'Launch Demoblaze Application' found.</status>
</kw>
<status status="FAIL" start="2026-05-11T16:03:49.967285" elapsed="0.002649">No keyword with name 'Launch Demoblaze Application' found.</status>
</kw>
<kw name="Click Signup Menu" owner="signup_keywords">
<status status="NOT RUN" start="2026-05-11T16:03:49.970212" elapsed="0.000071"/>
</kw>
<kw name="Enter Signup Username" owner="signup_keywords">
<status status="NOT RUN" start="2026-05-11T16:03:49.970537" elapsed="0.000035"/>
</kw>
<kw name="Enter Signup Password" owner="signup_keywords">
<status status="NOT RUN" start="2026-05-11T16:03:49.970793" elapsed="0.000033"/>
</kw>
<kw name="Click Signup Button" owner="signup_keywords">
<status status="NOT RUN" start="2026-05-11T16:03:49.971042" elapsed="0.000032"/>
</kw>
<kw name="Validate Signup Success Message" owner="signup_keywords">
<status status="NOT RUN" start="2026-05-11T16:03:49.971330" elapsed="0.000034"/>
</kw>
<kw name="Close Application" owner="signup_keywords">
<status status="NOT RUN" start="2026-05-11T16:03:49.971587" elapsed="0.000033"/>
</kw>
<status status="FAIL" start="2026-05-11T16:03:49.966542" elapsed="0.005309">No keyword with name 'Launch Demoblaze Application' found.</status>
</test>
<status status="FAIL" start="2026-05-11T16:03:49.950365" elapsed="0.022517"/>
</suite>
<status status="FAIL" start="2026-05-11T16:03:49.670159" elapsed="0.303929"/>
</suite>
<statistics>
<total>
<stat pass="0" fail="3" skip="0">All Tests</stat>
</total>
<tag>
</tag>
<suite>
<stat name="Tests" id="s1" pass="0" fail="3" skip="0">Tests</stat>
<stat name="Login" id="s1-s1" pass="0" fail="2" skip="0">Tests.Login</stat>
<stat name="Signup" id="s1-s2" pass="0" fail="1" skip="0">Tests.Signup</stat>
</suite>
</statistics>
<errors>
<msg time="2026-05-11T16:03:49.927077" level="ERROR">Error in file 'C:\Wipro Training\Robo\RobotProject\resources\keywords\login_keywords.robot' on line 3: Importing library 'C:\Wipro Training\Robo\RobotProject\resources\pages\LoginPage.py' failed: ImportError: cannot import name 'LOGIN_LINK' from 'resources.locators.login_locators' (C:\Wipro Training\Robo\RobotProject\resources\locators\login_locators.py)
Traceback (most recent call last):
  File "C:\Wipro Training\Robo\RobotProject\resources\pages\LoginPage.py", line 23, in &lt;module&gt;
    from resources.locators.login_locators import (
    ...&lt;5 lines&gt;...
    )
PYTHONPATH:
  C:\Wipro Training\Robo\RobotProject\resources\pages
  C:\Wipro Training\Robo\RobotProject\.venv\Scripts\robot.exe
  C:\Wipro Training\Robo\RobotProject\.venv\Scripts\python314.zip
  C:\Program Files\Python314\DLLs
  C:\Program Files\Python314\Lib
  C:\Program Files\Python314
  C:\Wipro Training\Robo\RobotProject\.venv
  C:\Wipro Training\Robo\RobotProject\.venv\Lib\site-packages
  C:\Wipro Training\Robo\RobotProject</msg>
<msg time="2026-05-11T16:03:49.964833" level="ERROR">Error in file 'C:\Wipro Training\Robo\RobotProject\resources\keywords\signup_keywords.robot' on line 3: Importing library 'C:\Wipro Training\Robo\RobotProject\resources\pages\SignupPage.py' failed: ModuleNotFoundError: No module named 'utils'
Traceback (most recent call last):
  File "C:\Wipro Training\Robo\RobotProject\resources\pages\SignupPage.py", line 5, in &lt;module&gt;
    from libraries.screenshots_utils import ScreenshotUtil
  File "C:\Wipro Training\Robo\RobotProject\libraries\screenshots_utils.py", line 3, in &lt;module&gt;
    from utils.logger import LogGen
PYTHONPATH:
  C:\Wipro Training\Robo\RobotProject\resources\pages
  C:\Wipro Training\Robo\RobotProject\.venv\Scripts\robot.exe
  C:\Wipro Training\Robo\RobotProject\.venv\Scripts\python314.zip
  C:\Program Files\Python314\DLLs
  C:\Program Files\Python314\Lib
  C:\Program Files\Python314
  C:\Wipro Training\Robo\RobotProject\.venv
  C:\Wipro Training\Robo\RobotProject\.venv\Lib\site-packages
  C:\Wipro Training\Robo\RobotProject</msg>
</errors>
</robot>
